0 info it worked if it ends with ok
1 verbose cli [ 'node', '/usr/local/bin/npm', 'install', 'protactor' ]
2 info using npm@1.4.28
3 info using node@v0.10.32
4 warn package.json lovelocks@0.0.1 No description
5 warn package.json lovelocks@0.0.1 No repository field.
6 warn package.json lovelocks@0.0.1 No README data
7 warn package.json jasmine@2.0.1 No README data
8 verbose readDependencies using package.json deps
9 verbose cache add [ 'protactor', null ]
10 verbose cache add name=undefined spec="protactor" args=["protactor",null]
11 verbose parsed url { protocol: null,
11 verbose parsed url   slashes: null,
11 verbose parsed url   auth: null,
11 verbose parsed url   host: null,
11 verbose parsed url   port: null,
11 verbose parsed url   hostname: null,
11 verbose parsed url   hash: null,
11 verbose parsed url   search: null,
11 verbose parsed url   query: null,
11 verbose parsed url   pathname: 'protactor',
11 verbose parsed url   path: 'protactor',
11 verbose parsed url   href: 'protactor' }
12 silly lockFile 1d013738-protactor protactor
13 verbose lock protactor /Users/decker/.npm/1d013738-protactor.lock
14 silly lockFile 1d013738-protactor protactor
15 silly lockFile 1d013738-protactor protactor
16 verbose addNamed [ 'protactor', '' ]
17 verbose addNamed [ null, '*' ]
18 silly lockFile 5d2a38f9-protactor protactor@
19 verbose lock protactor@ /Users/decker/.npm/5d2a38f9-protactor.lock
20 silly addNameRange { name: 'protactor', range: '*', hasData: false }
21 verbose request where is /protactor
22 verbose request registry https://registry.npmjs.org/
23 verbose request id cbd037dcd30a8366
24 verbose url raw /protactor
25 verbose url resolving [ 'https://registry.npmjs.org/', './protactor' ]
26 verbose url resolved https://registry.npmjs.org/protactor
27 verbose request where is https://registry.npmjs.org/protactor
28 info trying registry request attempt 1 at 11:11:21
29 http GET https://registry.npmjs.org/protactor
30 http 404 https://registry.npmjs.org/protactor
31 verbose headers { date: 'Wed, 29 Oct 2014 10:11:22 GMT',
31 verbose headers   server: 'CouchDB/1.5.0 (Erlang OTP/R16B03)',
31 verbose headers   'content-type': 'application/json',
31 verbose headers   'cache-control': 'max-age=0',
31 verbose headers   'content-length': '52',
31 verbose headers   'accept-ranges': 'bytes',
31 verbose headers   via: '1.1 varnish',
31 verbose headers   age: '0',
31 verbose headers   'x-served-by': 'cache-ams4122-AMS',
31 verbose headers   'x-cache': 'MISS',
31 verbose headers   'x-cache-hits': '0',
31 verbose headers   'x-timer': 'S1414577482.370739,VS0,VE621',
31 verbose headers   'keep-alive': 'timeout=10, max=50',
31 verbose headers   connection: 'Keep-Alive' }
32 silly registry.get cb [ 404,
32 silly registry.get   { date: 'Wed, 29 Oct 2014 10:11:22 GMT',
32 silly registry.get     server: 'CouchDB/1.5.0 (Erlang OTP/R16B03)',
32 silly registry.get     'content-type': 'application/json',
32 silly registry.get     'cache-control': 'max-age=0',
32 silly registry.get     'content-length': '52',
32 silly registry.get     'accept-ranges': 'bytes',
32 silly registry.get     via: '1.1 varnish',
32 silly registry.get     age: '0',
32 silly registry.get     'x-served-by': 'cache-ams4122-AMS',
32 silly registry.get     'x-cache': 'MISS',
32 silly registry.get     'x-cache-hits': '0',
32 silly registry.get     'x-timer': 'S1414577482.370739,VS0,VE621',
32 silly registry.get     'keep-alive': 'timeout=10, max=50',
32 silly registry.get     connection: 'Keep-Alive' } ]
33 silly lockFile 5d2a38f9-protactor protactor@
34 silly lockFile 5d2a38f9-protactor protactor@
35 error 404 404 Not Found: protactor
35 error 404
35 error 404 'protactor' is not in the npm registry.
35 error 404 You should bug the author to publish it
35 error 404 It was specified as a dependency of 'lovelocks'
35 error 404
35 error 404 Note that you can also install from a
35 error 404 tarball, folder, or http url, or git url.
36 error System Darwin 13.4.0
37 error command "node" "/usr/local/bin/npm" "install" "protactor"
38 error cwd /Volumes/data/decker/projects/lovelocks
39 error node -v v0.10.32
40 error npm -v 1.4.28
41 error code E404
42 verbose exit [ 1, true ]
